{
  "RSpec": {
    "coverage": {
      "/Users/joshhemser/Makers/techtests/bank-tech-test-2/spec/account_spec.rb": [
        1,
        null,
        1,
        5,
        null,
        1,
        1,
        1,
        1,
        null,
        1,
        1,
        1,
        null,
        null,
        1,
        1,
        1,
        1,
        null,
        null,
        1,
        1,
        1,
        1,
        1,
        null,
        null,
        null,
        null,
        null,
        null
      ],
      "/Users/joshhemser/Makers/techtests/bank-tech-test-2/lib/account.rb": [
        1,
        1,
        null,
        1,
        4,
        4,
        null,
        null,
        1,
        2,
        null,
        null,
        1,
        1,
        null,
        null,
        null
      ],
      "/Users/joshhemser/Makers/techtests/bank-tech-test-2/spec/transaction_history_spec.rb": [
        1,
        1,
        2,
        null,
        1,
        1,
        1,
        1,
        1,
        null,
        null,
        null,
        null
      ],
      "/Users/joshhemser/Makers/techtests/bank-tech-test-2/lib/transaction_history.rb": [
        1,
        1,
        1,
        1,
        null,
        null
      ],
      "/Users/joshhemser/Makers/techtests/bank-tech-test-2/spec/transactions_spec.rb": [
        1,
        1,
        1,
        null
      ],
      "/Users/joshhemser/Makers/techtests/bank-tech-test-2/lib/transactions.rb": [
        1,
        null,
        null
      ]
    },
    "timestamp": 1567067860
  }
}
