{
  "RSpec": {
    "coverage": {
      "/Users/joshhemser/Makers/techtests/bank-tech-test-2/spec/account_spec.rb": [
        1,
        null,
        1,
        3,
        null,
        1,
        1,
        1,
        1,
        null,
        null,
        1,
        1,
        1,
        1,
        null,
        null,
        null,
        null,
        null,
        null
      ],
      "/Users/joshhemser/Makers/techtests/bank-tech-test-2/lib/account.rb": [
        1,
        1,
        null,
        1,
        2,
        null,
        null,
        1,
        1,
        null,
        null,
        null
      ]
    },
    "timestamp": 1567001509
  }
}
